#
# There is insufficient memory for the Java Runtime Environment to continue.
# Native memory allocation (malloc) failed to allocate 837296 bytes for Chunk::new
# Possible reasons:
#   The system is out of physical RAM or swap space
#   The process is running with CompressedOops enabled, and the Java Heap may be blocking the growth of the native heap
# Possible solutions:
#   Reduce memory load on the system
#   Increase physical memory or swap space
#   Check if swap backing store is full
#   Decrease Java heap size (-Xmx/-Xms)
#   Decrease number of Java threads
#   Decrease Java thread stack sizes (-Xss)
#   Set larger code cache with -XX:ReservedCodeCacheSize=
#   JVM is running with Zero Based Compressed Oops mode in which the Java heap is
#     placed in the first 32GB address space. The Java Heap base address is the
#     maximum limit for the native heap growth. Please use -XX:HeapBaseMinAddress
#     to set the Java Heap base and to place the Java Heap above 32GB virtual address.
# This output file may be truncated or incomplete.
#
#  Out of Memory Error (./open/src/hotspot/share/memory/arena.cpp:197), pid=30196, tid=30320
#
# JRE version: Java(TM) SE Runtime Environment 18.9 (11.0.13+10) (build 11.0.13+10-LTS-370)
# Java VM: Java HotSpot(TM) 64-Bit Server VM 18.9 (11.0.13+10-LTS-370, mixed mode, tiered, compressed oops, g1 gc, windows-amd64)
# No core dump will be written. Minidumps are not enabled by default on client versions of Windows
#

---------------  S U M M A R Y ------------

Command Line: -Dmaven.multiModuleProjectDirectory=D:\javaweb\webproject\springboot-music -Dmaven.home=D:\idea2020\IntelliJ IDEA 2020.1\plugins\maven\lib\maven3 -Dclassworlds.conf=D:\idea2020\IntelliJ IDEA 2020.1\plugins\maven\lib\maven3\bin\m2.conf -Dmaven.ext.class.path=D:\idea2020\IntelliJ IDEA 2020.1\plugins\maven\lib\maven-event-listener.jar -javaagent:D:\idea2020\IntelliJ IDEA 2020.1\lib\idea_rt.jar=13264:D:\idea2020\IntelliJ IDEA 2020.1\bin -Dfile.encoding=UTF-8 org.codehaus.classworlds.Launcher -Didea.version2020.1 -s D:\javaweb\apache-maven-3.6.3\conf\settings.xml -Dmaven.repo.local=D:\javaweb\apache-maven-3.6.3\maven-repo install

Host: AMD Ryzen 7 4800HS with Radeon Graphics         , 16 cores, 15G,  Windows 10 , 64 bit Build 19041 (10.0.19041.1348)
Time: Fri Aug 12 17:53:50 2022 中国标准时间 elapsed time: 6.875506 seconds (0d 0h 0m 6s)

---------------  T H R E A D  ---------------

Current thread (0x000002177bf55000):  JavaThread "C2 CompilerThread0" daemon [_thread_in_native, id=30320, stack(0x000000c2ba500000,0x000000c2ba600000)]


Current CompileTask:
C2:   6875 6879   !   4       lombok.core.AST::buildWithField0 (122 bytes)

Stack: [0x000000c2ba500000,0x000000c2ba600000]
Native frames: (J=compiled Java code, j=interpreted, Vv=VM code, C=native code)
V  [jvm.dll+0x62870a]
V  [jvm.dll+0x761f2f]
V  [jvm.dll+0x7635d9]
V  [jvm.dll+0x763c63]
V  [jvm.dll+0x23d728]
V  [jvm.dll+0xb293c]
V  [jvm.dll+0xb2efc]
V  [jvm.dll+0x2ae384]
V  [jvm.dll+0x53bfd6]
V  [jvm.dll+0x1f99d7]
V  [jvm.dll+0x1f731d]
V  [jvm.dll+0x177991]
V  [jvm.dll+0x206d84]
V  [jvm.dll+0x204ebb]
V  [jvm.dll+0x727e70]
V  [jvm.dll+0x720a54]
V  [jvm.dll+0x627606]
C  [ucrtbase.dll+0x21bb2]
C  [KERNEL32.DLL+0x17034]
C  [ntdll.dll+0x52651]


---------------  P R O C E S S  ---------------

Threads class SMR info:
_java_thread_list=0x000002177f02cdc0, length=15, elements={
0x0000021757902800, 0x000002177beb8000, 0x000002177beb9800, 0x000002177bf4e000,
0x000002177bf50000, 0x000002177bf54000, 0x000002177bf55000, 0x000002177bf56800,
0x000002177bf59800, 0x000002177c0d6800, 0x000002177c0e4000, 0x000002177c339000,
0x000002177c0e8000, 0x000002177c0dc000, 0x000002177c5c7000
}

Java Threads: ( => current thread )
  0x0000021757902800 JavaThread "main" [_thread_in_vm, id=18716, stack(0x000000c2b9900000,0x000000c2b9a00000)]
  0x000002177beb8000 JavaThread "Reference Handler" daemon [_thread_blocked, id=30824, stack(0x000000c2ba000000,0x000000c2ba100000)]
  0x000002177beb9800 JavaThread "Finalizer" daemon [_thread_blocked, id=2516, stack(0x000000c2ba100000,0x000000c2ba200000)]
  0x000002177bf4e000 JavaThread "Signal Dispatcher" daemon [_thread_blocked, id=27412, stack(0x000000c2ba200000,0x000000c2ba300000)]
  0x000002177bf50000 JavaThread "Attach Listener" daemon [_thread_blocked, id=33680, stack(0x000000c2ba300000,0x000000c2ba400000)]
  0x000002177bf54000 JavaThread "Service Thread" daemon [_thread_blocked, id=11700, stack(0x000000c2ba400000,0x000000c2ba500000)]
=>0x000002177bf55000 JavaThread "C2 CompilerThread0" daemon [_thread_in_native, id=30320, stack(0x000000c2ba500000,0x000000c2ba600000)]
  0x000002177bf56800 JavaThread "C1 CompilerThread0" daemon [_thread_blocked, id=33228, stack(0x000000c2ba600000,0x000000c2ba700000)]
  0x000002177bf59800 JavaThread "Sweeper thread" daemon [_thread_blocked, id=6924, stack(0x000000c2ba700000,0x000000c2ba800000)]
  0x000002177c0d6800 JavaThread "Common-Cleaner" daemon [_thread_blocked, id=31900, stack(0x000000c2ba800000,0x000000c2ba900000)]
  0x000002177c0e4000 JavaThread "C2 CompilerThread1" daemon [_thread_in_native, id=22616, stack(0x000000c2bac00000,0x000000c2bad00000)]
  0x000002177c339000 JavaThread "Monitor Ctrl-Break" daemon [_thread_in_native, id=13860, stack(0x000000c2bae00000,0x000000c2baf00000)]
  0x000002177c0e8000 JavaThread "C1 CompilerThread1" daemon [_thread_blocked, id=33120, stack(0x000000c2ba900000,0x000000c2baa00000)]
  0x000002177c0dc000 JavaThread "C1 CompilerThread2" daemon [_thread_blocked, id=20824, stack(0x000000c2baa00000,0x000000c2bab00000)]
  0x000002177c5c7000 JavaThread "C1 CompilerThread3" daemon [_thread_blocked, id=11928, stack(0x000000c2bab00000,0x000000c2bac00000)]

Other Threads:
  0x000002177beb4000 VMThread "VM Thread" [stack: 0x000000c2b9f00000,0x000000c2ba000000] [id=32692]
  0x000002177c33b800 WatcherThread [stack: 0x000000c2baf00000,0x000000c2bb000000] [id=24280]
  0x000002175791b800 GCTaskThread "GC Thread#0" [stack: 0x000000c2b9a00000,0x000000c2b9b00000] [id=27060]
  0x000002177cd85000 GCTaskThread "GC Thread#1" [stack: 0x000000c2bb000000,0x000000c2bb100000] [id=27008]
  0x000002177cd7f800 GCTaskThread "GC Thread#2" [stack: 0x000000c2bb100000,0x000000c2bb200000] [id=30620]
  0x000002177ce18000 GCTaskThread "GC Thread#3" [stack: 0x000000c2bb200000,0x000000c2bb300000] [id=22136]
  0x000002177ce19000 GCTaskThread "GC Thread#4" [stack: 0x000000c2bb300000,0x000000c2bb400000] [id=3988]
  0x00000217012e4800 GCTaskThread "GC Thread#5" [stack: 0x000000c2bbc00000,0x000000c2bbd00000] [id=29312]
  0x0000021700f76000 GCTaskThread "GC Thread#6" [stack: 0x000000c2bbd00000,0x000000c2bbe00000] [id=32876]
  0x0000021755f3b800 ConcurrentGCThread "G1 Main Marker" [stack: 0x000000c2b9b00000,0x000000c2b9c00000] [id=30716]
  0x0000021755f3d800 ConcurrentGCThread "G1 Conc#0" [stack: 0x000000c2b9c00000,0x000000c2b9d00000] [id=21320]
  0x000002177eb3d000 ConcurrentGCThread "G1 Conc#1" [stack: 0x000000c2bb400000,0x000000c2bb500000] [id=17668]
  0x000002177ce4e800 ConcurrentGCThread "G1 Conc#2" [stack: 0x000000c2bb500000,0x000000c2bb600000] [id=31216]
  0x000002177b50d000 ConcurrentGCThread "G1 Refine#0" [stack: 0x000000c2b9d00000,0x000000c2b9e00000] [id=32664]
  0x00000217007bd000 ConcurrentGCThread "G1 Refine#1" [stack: 0x000000c2bad00000,0x000000c2bae00000] [id=25624]
  0x0000021701319000 ConcurrentGCThread "G1 Refine#2" [stack: 0x000000c2bb600000,0x000000c2bb700000] [id=30444]
  0x000002170077c800 ConcurrentGCThread "G1 Refine#3" [stack: 0x000000c2bb700000,0x000000c2bb800000] [id=23892]
  0x0000021700f41800 ConcurrentGCThread "G1 Refine#4" [stack: 0x000000c2bb800000,0x000000c2bb900000] [id=21856]
  0x0000021700f42000 ConcurrentGCThread "G1 Refine#5" [stack: 0x000000c2bb900000,0x000000c2bba00000] [id=33768]
  0x000002177f1e9800 ConcurrentGCThread "G1 Refine#6" [stack: 0x000000c2bba00000,0x000000c2bbb00000] [id=32208]
  0x000002177f53e800 ConcurrentGCThread "G1 Refine#7" [stack: 0x000000c2bbb00000,0x000000c2bbc00000] [id=30804]
  0x000002177b510000 ConcurrentGCThread "G1 Young RemSet Sampling" [stack: 0x000000c2b9e00000,0x000000c2b9f00000] [id=12720]

Threads with active compile tasks:
C2 CompilerThread0   6918 6879   !   4       lombok.core.AST::buildWithField0 (122 bytes)
C2 CompilerThread1   6918 6880       4       lombok.javac.JavacAST::buildStatementOrExpression (104 bytes)

VM state:not at safepoint (normal execution)

VM Mutex/Monitor currently owned by a thread: None

Heap address: 0x0000000709400000, size: 3948 MB, Compressed Oops mode: Zero based, Oop shift amount: 3
Narrow klass base: 0x0000000800000000, Narrow klass shift: 0
Compressed class space size: 1073741824 Address: 0x0000000800000000

Heap:
 garbage-first heap   total 305152K, used 49699K [0x0000000709400000, 0x0000000800000000)
  region size 1024K, 4 young (4096K), 1 survivors (1024K)
 Metaspace       used 35077K, capacity 35920K, committed 36144K, reserved 1081344K
  class space    used 3650K, capacity 3942K, committed 3968K, reserved 1048576K
Heap Regions: E=young(eden), S=young(survivor), O=old, HS=humongous(starts), HC=humongous(continues), CS=collection set, F=free, A=archive, TAMS=top-at-mark-start (previous, next)
|   0|0x0000000709400000, 0x0000000709500000, 0x0000000709500000|100%| O|  |TAMS 0x0000000709500000, 0x0000000709400000| Updating 
|   1|0x0000000709500000, 0x0000000709600000, 0x0000000709600000|100%| O|  |TAMS 0x0000000709600000, 0x0000000709500000| Updating 
|   2|0x0000000709600000, 0x0000000709700000, 0x0000000709700000|100%| O|  |TAMS 0x0000000709700000, 0x0000000709600000| Updating 
|   3|0x0000000709700000, 0x0000000709800000, 0x0000000709800000|100%| O|  |TAMS 0x0000000709800000, 0x0000000709700000| Updating 
|   4|0x0000000709800000, 0x0000000709900000, 0x0000000709900000|100%| O|  |TAMS 0x0000000709900000, 0x0000000709800000| Updating 
|   5|0x0000000709900000, 0x0000000709a00000, 0x0000000709a00000|100%| O|  |TAMS 0x0000000709a00000, 0x0000000709900000| Updating 
|   6|0x0000000709a00000, 0x0000000709b00000, 0x0000000709b00000|100%| O|  |TAMS 0x0000000709b00000, 0x0000000709a00000| Updating 
|   7|0x0000000709b00000, 0x0000000709c00000, 0x0000000709c00000|100%| O|  |TAMS 0x0000000709c00000, 0x0000000709b00000| Updating 
|   8|0x0000000709c00000, 0x0000000709d00000, 0x0000000709d00000|100%| O|  |TAMS 0x0000000709d00000, 0x0000000709c00000| Updating 
|   9|0x0000000709d00000, 0x0000000709e00000, 0x0000000709e00000|100%| O|  |TAMS 0x0000000709e00000, 0x0000000709d00000| Updating 
|  10|0x0000000709e00000, 0x0000000709f00000, 0x0000000709f00000|100%| O|  |TAMS 0x0000000709f00000, 0x0000000709e00000| Updating 
|  11|0x0000000709f00000, 0x000000070a000000, 0x000000070a000000|100%| O|  |TAMS 0x000000070a000000, 0x0000000709f00000| Updating 
|  12|0x000000070a000000, 0x000000070a100000, 0x000000070a100000|100%| O|  |TAMS 0x000000070a100000, 0x000000070a000000| Updating 
|  13|0x000000070a100000, 0x000000070a200000, 0x000000070a200000|100%| O|  |TAMS 0x000000070a200000, 0x000000070a100000| Updating 
|  14|0x000000070a200000, 0x000000070a300000, 0x000000070a300000|100%| O|  |TAMS 0x000000070a300000, 0x000000070a200000| Updating 
|  15|0x000000070a300000, 0x000000070a400000, 0x000000070a400000|100%| O|  |TAMS 0x000000070a400000, 0x000000070a300000| Updating 
|  16|0x000000070a400000, 0x000000070a500000, 0x000000070a500000|100%| O|  |TAMS 0x000000070a500000, 0x000000070a400000| Updating 
|  17|0x000000070a500000, 0x000000070a600000, 0x000000070a600000|100%|HS|  |TAMS 0x000000070a600000, 0x000000070a500000| Complete 
|  18|0x000000070a600000, 0x000000070a700000, 0x000000070a700000|100%| O|  |TAMS 0x000000070a700000, 0x000000070a600000| Updating 
|  19|0x000000070a700000, 0x000000070a800000, 0x000000070a800000|100%| O|  |TAMS 0x000000070a800000, 0x000000070a700000| Updating 
|  20|0x000000070a800000, 0x000000070a900000, 0x000000070a900000|100%| O|  |TAMS 0x000000070a900000, 0x000000070a800000| Updating 
|  21|0x000000070a900000, 0x000000070aa00000, 0x000000070aa00000|100%| O|  |TAMS 0x000000070aa00000, 0x000000070a900000| Updating 
|  22|0x000000070aa00000, 0x000000070ab00000, 0x000000070ab00000|100%| O|  |TAMS 0x000000070ab00000, 0x000000070aa00000| Updating 
|  23|0x000000070ab00000, 0x000000070ac00000, 0x000000070ac00000|100%| O|  |TAMS 0x000000070ac00000, 0x000000070ab00000| Updating 
|  24|0x000000070ac00000, 0x000000070ad00000, 0x000000070ad00000|100%| O|  |TAMS 0x000000070ad00000, 0x000000070ac00000| Updating 
|  25|0x000000070ad00000, 0x000000070ae00000, 0x000000070ae00000|100%| O|  |TAMS 0x000000070ae00000, 0x000000070ad00000| Updating 
|  26|0x000000070ae00000, 0x000000070af00000, 0x000000070af00000|100%| O|  |TAMS 0x000000070af00000, 0x000000070ae00000| Updating 
|  27|0x000000070af00000, 0x000000070b000000, 0x000000070b000000|100%| O|  |TAMS 0x000000070b000000, 0x000000070af00000| Updating 
|  28|0x000000070b000000, 0x000000070b100000, 0x000000070b100000|100%| O|  |TAMS 0x000000070b100000, 0x000000070b000000| Updating 
|  29|0x000000070b100000, 0x000000070b200000, 0x000000070b200000|100%| O|  |TAMS 0x000000070b200000, 0x000000070b100000| Updating 
|  30|0x000000070b200000, 0x000000070b300000, 0x000000070b300000|100%| O|  |TAMS 0x000000070b300000, 0x000000070b200000| Updating 
|  31|0x000000070b300000, 0x000000070b400000, 0x000000070b400000|100%| O|  |TAMS 0x000000070b400000, 0x000000070b300000| Updating 
|  32|0x000000070b400000, 0x000000070b500000, 0x000000070b500000|100%| O|  |TAMS 0x000000070b500000, 0x000000070b400000| Updating 
|  33|0x000000070b500000, 0x000000070b600000, 0x000000070b600000|100%| O|  |TAMS 0x000000070b600000, 0x000000070b500000| Updating 
|  34|0x000000070b600000, 0x000000070b700000, 0x000000070b700000|100%| O|  |TAMS 0x000000070b700000, 0x000000070b600000| Updating 
|  35|0x000000070b700000, 0x000000070b800000, 0x000000070b800000|100%| O|  |TAMS 0x000000070b800000, 0x000000070b700000| Updating 
|  36|0x000000070b800000, 0x000000070b900000, 0x000000070b900000|100%| O|  |TAMS 0x000000070b900000, 0x000000070b800000| Updating 
|  37|0x000000070b900000, 0x000000070ba00000, 0x000000070ba00000|100%| O|  |TAMS 0x000000070ba00000, 0x000000070b900000| Updating 
|  38|0x000000070ba00000, 0x000000070bb00000, 0x000000070bb00000|100%| O|  |TAMS 0x000000070bb00000, 0x000000070ba00000| Updating 
|  39|0x000000070bb00000, 0x000000070bc00000, 0x000000070bc00000|100%| O|  |TAMS 0x000000070bc00000, 0x000000070bb00000| Updating 
|  40|0x000000070bc00000, 0x000000070bd00000, 0x000000070bd00000|100%| O|  |TAMS 0x000000070bd00000, 0x000000070bc00000| Updating 
|  41|0x000000070bd00000, 0x000000070be00000, 0x000000070be00000|100%| O|  |TAMS 0x000000070be00000, 0x000000070bd00000| Updating 
|  42|0x000000070be00000, 0x000000070bf00000, 0x000000070bf00000|100%| O|  |TAMS 0x000000070bf00000, 0x000000070be00000| Updating 
|  43|0x000000070bf00000, 0x000000070c000000, 0x000000070c000000|100%| O|  |TAMS 0x000000070c000000, 0x000000070bf00000| Updating 
|  44|0x000000070c000000, 0x000000070c100000, 0x000000070c100000|100%| O|  |TAMS 0x000000070c100000, 0x000000070c000000| Updating 
|  45|0x000000070c100000, 0x000000070c18ee00, 0x000000070c200000| 55%| O|  |TAMS 0x000000070c18ee00, 0x000000070c100000| Updating 
|  46|0x000000070c200000, 0x000000070c200000, 0x000000070c300000|  0%| F|  |TAMS 0x000000070c200000, 0x000000070c200000| Untracked 
|  47|0x000000070c300000, 0x000000070c300000, 0x000000070c400000|  0%| F|  |TAMS 0x000000070c300000, 0x000000070c300000| Untracked 
|  48|0x000000070c400000, 0x000000070c400000, 0x000000070c500000|  0%| F|  |TAMS 0x000000070c400000, 0x000000070c400000| Untracked 
|  49|0x000000070c500000, 0x000000070c500000, 0x000000070c600000|  0%| F|  |TAMS 0x000000070c500000, 0x000000070c500000| Untracked 
|  50|0x000000070c600000, 0x000000070c600000, 0x000000070c700000|  0%| F|  |TAMS 0x000000070c600000, 0x000000070c600000| Untracked 
|  51|0x000000070c700000, 0x000000070c700000, 0x000000070c800000|  0%| F|  |TAMS 0x000000070c700000, 0x000000070c700000| Untracked 
|  52|0x000000070c800000, 0x000000070c800000, 0x000000070c900000|  0%| F|  |TAMS 0x000000070c800000, 0x000000070c800000| Untracked 
|  53|0x000000070c900000, 0x000000070c900000, 0x000000070ca00000|  0%| F|  |TAMS 0x000000070c900000, 0x000000070c900000| Untracked 
|  54|0x000000070ca00000, 0x000000070ca00000, 0x000000070cb00000|  0%| F|  |TAMS 0x000000070ca00000, 0x000000070ca00000| Untracked 
|  55|0x000000070cb00000, 0x000000070cb00000, 0x000000070cc00000|  0%| F|  |TAMS 0x000000070cb00000, 0x000000070cb00000| Untracked 
|  56|0x000000070cc00000, 0x000000070cc00000, 0x000000070cd00000|  0%| F|  |TAMS 0x000000070cc00000, 0x000000070cc00000| Untracked 
|  57|0x000000070cd00000, 0x000000070cd00000, 0x000000070ce00000|  0%| F|  |TAMS 0x000000070cd00000, 0x000000070cd00000| Untracked 
|  58|0x000000070ce00000, 0x000000070ce00000, 0x000000070cf00000|  0%| F|  |TAMS 0x000000070ce00000, 0x000000070ce00000| Untracked 
|  59|0x000000070cf00000, 0x000000070cf00000, 0x000000070d000000|  0%| F|  |TAMS 0x000000070cf00000, 0x000000070cf00000| Untracked 
|  60|0x000000070d000000, 0x000000070d000000, 0x000000070d100000|  0%| F|  |TAMS 0x000000070d000000, 0x000000070d000000| Untracked 
|  61|0x000000070d100000, 0x000000070d100000, 0x000000070d200000|  0%| F|  |TAMS 0x000000070d100000, 0x000000070d100000| Untracked 
|  62|0x000000070d200000, 0x000000070d200000, 0x000000070d300000|  0%| F|  |TAMS 0x000000070d200000, 0x000000070d200000| Untracked 
|  63|0x000000070d300000, 0x000000070d300000, 0x000000070d400000|  0%| F|  |TAMS 0x000000070d300000, 0x000000070d300000| Untracked 
|  64|0x000000070d400000, 0x000000070d400000, 0x000000070d500000|  0%| F|  |TAMS 0x000000070d400000, 0x000000070d400000| Untracked 
|  65|0x000000070d500000, 0x000000070d500000, 0x000000070d600000|  0%| F|  |TAMS 0x000000070d500000, 0x000000070d500000| Untracked 
|  66|0x000000070d600000, 0x000000070d600000, 0x000000070d700000|  0%| F|  |TAMS 0x000000070d600000, 0x000000070d600000| Untracked 
|  67|0x000000070d700000, 0x000000070d700000, 0x000000070d800000|  0%| F|  |TAMS 0x000000070d700000, 0x000000070d700000| Untracked 
|  68|0x000000070d800000, 0x000000070d800000, 0x000000070d900000|  0%| F|  |TAMS 0x000000070d800000, 0x000000070d800000| Untracked 
|  69|0x000000070d900000, 0x000000070d900000, 0x000000070da00000|  0%| F|  |TAMS 0x000000070d900000, 0x000000070d900000| Untracked 
|  70|0x000000070da00000, 0x000000070da00000, 0x000000070db00000|  0%| F|  |TAMS 0x000000070da00000, 0x000000070da00000| Untracked 
|  71|0x000000070db00000, 0x000000070db00000, 0x000000070dc00000|  0%| F|  |TAMS 0x000000070db00000, 0x000000070db00000| Untracked 
|  72|0x000000070dc00000, 0x000000070dc00000, 0x000000070dd00000|  0%| F|  |TAMS 0x000000070dc00000, 0x000000070dc00000| Untracked 
|  73|0x000000070dd00000, 0x000000070dd00000, 0x000000070de00000|  0%| F|  |TAMS 0x000000070dd00000, 0x000000070dd00000| Untracked 
|  74|0x000000070de00000, 0x000000070de00000, 0x000000070df00000|  0%| F|  |TAMS 0x000000070de00000, 0x000000070de00000| Untracked 
|  75|0x000000070df00000, 0x000000070df00000, 0x000000070e000000|  0%| F|  |TAMS 0x000000070df00000, 0x000000070df00000| Untracked 
|  76|0x000000070e000000, 0x000000070e000000, 0x000000070e100000|  0%| F|  |TAMS 0x000000070e000000, 0x000000070e000000| Untracked 
|  77|0x000000070e100000, 0x000000070e100000, 0x000000070e200000|  0%| F|  |TAMS 0x000000070e100000, 0x000000070e100000| Untracked 
|  78|0x000000070e200000, 0x000000070e200000, 0x000000070e300000|  0%| F|  |TAMS 0x000000070e200000, 0x000000070e200000| Untracked 
|  79|0x000000070e300000, 0x000000070e300000, 0x000000070e400000|  0%| F|  |TAMS 0x000000070e300000, 0x000000070e300000| Untracked 
|  80|0x000000070e400000, 0x000000070e400000, 0x000000070e500000|  0%| F|  |TAMS 0x000000070e400000, 0x000000070e400000| Untracked 
|  81|0x000000070e500000, 0x000000070e500000, 0x000000070e600000|  0%| F|  |TAMS 0x000000070e500000, 0x000000070e500000| Untracked 
|  82|0x000000070e600000, 0x000000070e600000, 0x000000070e700000|  0%| F|  |TAMS 0x000000070e600000, 0x000000070e600000| Untracked 
|  83|0x000000070e700000, 0x000000070e700000, 0x000000070e800000|  0%| F|  |TAMS 0x000000070e700000, 0x000000070e700000| Untracked 
|  84|0x000000070e800000, 0x000000070e800000, 0x000000070e900000|  0%| F|  |TAMS 0x000000070e800000, 0x000000070e800000| Untracked 
|  85|0x000000070e900000, 0x000000070e900000, 0x000000070ea00000|  0%| F|  |TAMS 0x000000070e900000, 0x000000070e900000| Untracked 
|  86|0x000000070ea00000, 0x000000070ea00000, 0x000000070eb00000|  0%| F|  |TAMS 0x000000070ea00000, 0x000000070ea00000| Untracked 
|  87|0x000000070eb00000, 0x000000070eb00000, 0x000000070ec00000|  0%| F|  |TAMS 0x000000070eb00000, 0x000000070eb00000| Untracked 
|  88|0x000000070ec00000, 0x000000070ec00000, 0x000000070ed00000|  0%| F|  |TAMS 0x000000070ec00000, 0x000000070ec00000| Untracked 
|  89|0x000000070ed00000, 0x000000070ed00000, 0x000000070ee00000|  0%| F|  |TAMS 0x000000070ed00000, 0x000000070ed00000| Untracked 
|  90|0x000000070ee00000, 0x000000070ee00000, 0x000000070ef00000|  0%| F|  |TAMS 0x000000070ee00000, 0x000000070ee00000| Untracked 
|  91|0x000000070ef00000, 0x000000070ef00000, 0x000000070f000000|  0%| F|  |TAMS 0x000000070ef00000, 0x000000070ef00000| Untracked 
|  92|0x000000070f000000, 0x000000070f000000, 0x000000070f100000|  0%| F|  |TAMS 0x000000070f000000, 0x000000070f000000| Untracked 
|  93|0x000000070f100000, 0x000000070f100000, 0x000000070f200000|  0%| F|  |TAMS 0x000000070f100000, 0x000000070f100000| Untracked 
|  94|0x000000070f200000, 0x000000070f200000, 0x000000070f300000|  0%| F|  |TAMS 0x000000070f200000, 0x000000070f200000| Untracked 
|  95|0x000000070f300000, 0x000000070f300000, 0x000000070f400000|  0%| F|  |TAMS 0x000000070f300000, 0x000000070f300000| Untracked 
|  96|0x000000070f400000, 0x000000070f400000, 0x000000070f500000|  0%| F|  |TAMS 0x000000070f400000, 0x000000070f400000| Untracked 
|  97|0x000000070f500000, 0x000000070f500000, 0x000000070f600000|  0%| F|  |TAMS 0x000000070f500000, 0x000000070f500000| Untracked 
|  98|0x000000070f600000, 0x000000070f600000, 0x000000070f700000|  0%| F|  |TAMS 0x000000070f600000, 0x000000070f600000| Untracked 
|  99|0x000000070f700000, 0x000000070f700000, 0x000000070f800000|  0%| F|  |TAMS 0x000000070f700000, 0x000000070f700000| Untracked 
| 100|0x000000070f800000, 0x000000070f800000, 0x000000070f900000|  0%| F|  |TAMS 0x000000070f800000, 0x000000070f800000| Untracked 
| 101|0x000000070f900000, 0x000000070f900000, 0x000000070fa00000|  0%| F|  |TAMS 0x000000070f900000, 0x000000070f900000| Untracked 
| 102|0x000000070fa00000, 0x000000070fa00000, 0x000000070fb00000|  0%| F|  |TAMS 0x000000070fa00000, 0x000000070fa00000| Untracked 
| 103|0x000000070fb00000, 0x000000070fb00000, 0x000000070fc00000|  0%| F|  |TAMS 0x000000070fb00000, 0x000000070fb00000| Untracked 
| 104|0x000000070fc00000, 0x000000070fc00000, 0x000000070fd00000|  0%| F|  |TAMS 0x000000070fc00000, 0x000000070fc00000| Untracked 
| 105|0x000000070fd00000, 0x000000070fd00000, 0x000000070fe00000|  0%| F|  |TAMS 0x000000070fd00000, 0x000000070fd00000| Untracked 
| 106|0x000000070fe00000, 0x000000070fe00000, 0x000000070ff00000|  0%| F|  |TAMS 0x000000070fe00000, 0x000000070fe00000| Untracked 
| 107|0x000000070ff00000, 0x000000070ff00000, 0x0000000710000000|  0%| F|  |TAMS 0x000000070ff00000, 0x000000070ff00000| Untracked 
| 108|0x0000000710000000, 0x0000000710000000, 0x0000000710100000|  0%| F|  |TAMS 0x0000000710000000, 0x0000000710000000| Untracked 
| 109|0x0000000710100000, 0x0000000710100000, 0x0000000710200000|  0%| F|  |TAMS 0x0000000710100000, 0x0000000710100000| Untracked 
| 110|0x0000000710200000, 0x0000000710200000, 0x0000000710300000|  0%| F|  |TAMS 0x0000000710200000, 0x0000000710200000| Untracked 
| 111|0x0000000710300000, 0x0000000710300000, 0x0000000710400000|  0%| F|  |TAMS 0x0000000710300000, 0x0000000710300000| Untracked 
| 112|0x0000000710400000, 0x0000000710400000, 0x0000000710500000|  0%| F|  |TAMS 0x0000000710400000, 0x0000000710400000| Untracked 
| 113|0x0000000710500000, 0x0000000710500000, 0x0000000710600000|  0%| F|  |TAMS 0x0000000710500000, 0x0000000710500000| Untracked 
| 114|0x0000000710600000, 0x0000000710600000, 0x0000000710700000|  0%| F|  |TAMS 0x0000000710600000, 0x0000000710600000| Untracked 
| 115|0x0000000710700000, 0x0000000710700000, 0x0000000710800000|  0%| F|  |TAMS 0x0000000710700000, 0x0000000710700000| Untracked 
| 116|0x0000000710800000, 0x0000000710800000, 0x0000000710900000|  0%| F|  |TAMS 0x0000000710800000, 0x0000000710800000| Untracked 
| 117|0x0000000710900000, 0x0000000710900000, 0x0000000710a00000|  0%| F|  |TAMS 0x0000000710900000, 0x0000000710900000| Untracked 
| 118|0x0000000710a00000, 0x0000000710a00000, 0x0000000710b00000|  0%| F|  |TAMS 0x0000000710a00000, 0x0000000710a00000| Untracked 
| 119|0x0000000710b00000, 0x0000000710b00000, 0x0000000710c00000|  0%| F|  |TAMS 0x0000000710b00000, 0x0000000710b00000| Untracked 
| 120|0x0000000710c00000, 0x0000000710c00000, 0x0000000710d00000|  0%| F|  |TAMS 0x0000000710c00000, 0x0000000710c00000| Untracked 
| 121|0x0000000710d00000, 0x0000000710d00000, 0x0000000710e00000|  0%| F|  |TAMS 0x0000000710d00000, 0x0000000710d00000| Untracked 
| 122|0x0000000710e00000, 0x0000000710e00000, 0x0000000710f00000|  0%| F|  |TAMS 0x0000000710e00000, 0x0000000710e00000| Untracked 
| 123|0x0000000710f00000, 0x0000000710f00000, 0x0000000711000000|  0%| F|  |TAMS 0x0000000710f00000, 0x0000000710f00000| Untracked 
| 124|0x0000000711000000, 0x0000000711000000, 0x0000000711100000|  0%| F|  |TAMS 0x0000000711000000, 0x0000000711000000| Untracked 
| 125|0x0000000711100000, 0x0000000711100000, 0x0000000711200000|  0%| F|  |TAMS 0x0000000711100000, 0x0000000711100000| Untracked 
| 126|0x0000000711200000, 0x0000000711200000, 0x0000000711300000|  0%| F|  |TAMS 0x0000000711200000, 0x0000000711200000| Untracked 
| 127|0x0000000711300000, 0x0000000711300000, 0x0000000711400000|  0%| F|  |TAMS 0x0000000711300000, 0x0000000711300000| Untracked 
| 128|0x0000000711400000, 0x0000000711400000, 0x0000000711500000|  0%| F|  |TAMS 0x0000000711400000, 0x0000000711400000| Untracked 
| 129|0x0000000711500000, 0x0000000711500000, 0x0000000711600000|  0%| F|  |TAMS 0x0000000711500000, 0x0000000711500000| Untracked 
| 130|0x0000000711600000, 0x0000000711600000, 0x0000000711700000|  0%| F|  |TAMS 0x0000000711600000, 0x0000000711600000| Untracked 
| 131|0x0000000711700000, 0x0000000711700000, 0x0000000711800000|  0%| F|  |TAMS 0x0000000711700000, 0x0000000711700000| Untracked 
| 132|0x0000000711800000, 0x0000000711800000, 0x0000000711900000|  0%| F|  |TAMS 0x0000000711800000, 0x0000000711800000| Untracked 
| 133|0x0000000711900000, 0x0000000711900000, 0x0000000711a00000|  0%| F|  |TAMS 0x0000000711900000, 0x0000000711900000| Untracked 
| 134|0x0000000711a00000, 0x0000000711a00000, 0x0000000711b00000|  0%| F|  |TAMS 0x0000000711a00000, 0x0000000711a00000| Untracked 
| 135|0x0000000711b00000, 0x0000000711b00000, 0x0000000711c00000|  0%| F|  |TAMS 0x0000000711b00000, 0x0000000711b00000| Untracked 
| 136|0x0000000711c00000, 0x0000000711c00000, 0x0000000711d00000|  0%| F|  |TAMS 0x0000000711c00000, 0x0000000711c00000| Untracked 
| 137|0x0000000711d00000, 0x0000000711d00000, 0x0000000711e00000|  0%| F|  |TAMS 0x0000000711d00000, 0x0000000711d00000| Untracked 
| 138|0x0000000711e00000, 0x0000000711e00000, 0x0000000711f00000|  0%| F|  |TAMS 0x0000000711e00000, 0x0000000711e00000| Untracked 
| 139|0x0000000711f00000, 0x0000000711f00000, 0x0000000712000000|  0%| F|  |TAMS 0x0000000711f00000, 0x0000000711f00000| Untracked 
| 140|0x0000000712000000, 0x0000000712000000, 0x0000000712100000|  0%| F|  |TAMS 0x0000000712000000, 0x0000000712000000| Untracked 
| 141|0x0000000712100000, 0x0000000712100000, 0x0000000712200000|  0%| F|  |TAMS 0x0000000712100000, 0x0000000712100000| Untracked 
| 142|0x0000000712200000, 0x0000000712200000, 0x0000000712300000|  0%| F|  |TAMS 0x0000000712200000, 0x0000000712200000| Untracked 
| 143|0x0000000712300000, 0x0000000712300000, 0x0000000712400000|  0%| F|  |TAMS 0x0000000712300000, 0x0000000712300000| Untracked 
| 144|0x0000000712400000, 0x0000000712400000, 0x0000000712500000|  0%| F|  |TAMS 0x0000000712400000, 0x0000000712400000| Untracked 
| 145|0x0000000712500000, 0x0000000712500000, 0x0000000712600000|  0%| F|  |TAMS 0x0000000712500000, 0x0000000712500000| Untracked 
| 146|0x0000000712600000, 0x0000000712600000, 0x0000000712700000|  0%| F|  |TAMS 0x0000000712600000, 0x0000000712600000| Untracked 
| 147|0x0000000712700000, 0x0000000712700000, 0x0000000712800000|  0%| F|  |TAMS 0x0000000712700000, 0x0000000712700000| Untracked 
| 148|0x0000000712800000, 0x0000000712800000, 0x0000000712900000|  0%| F|  |TAMS 0x0000000712800000, 0x0000000712800000| Untracked 
| 149|0x0000000712900000, 0x0000000712900000, 0x0000000712a00000|  0%| F|  |TAMS 0x0000000712900000, 0x0000000712900000| Untracked 
| 150|0x0000000712a00000, 0x0000000712a00000, 0x0000000712b00000|  0%| F|  |TAMS 0x0000000712a00000, 0x0000000712a00000| Untracked 
| 151|0x0000000712b00000, 0x0000000712b00000, 0x0000000712c00000|  0%| F|  |TAMS 0x0000000712b00000, 0x0000000712b00000| Untracked 
| 152|0x0000000712c00000, 0x0000000712c00000, 0x0000000712d00000|  0%| F|  |TAMS 0x0000000712c00000, 0x0000000712c00000| Untracked 
| 153|0x0000000712d00000, 0x0000000712d00000, 0x0000000712e00000|  0%| F|  |TAMS 0x0000000712d00000, 0x0000000712d00000| Untracked 
| 154|0x0000000712e00000, 0x0000000712e00000, 0x0000000712f00000|  0%| F|  |TAMS 0x0000000712e00000, 0x0000000712e00000| Untracked 
| 155|0x0000000712f00000, 0x0000000712f00000, 0x0000000713000000|  0%| F|  |TAMS 0x0000000712f00000, 0x0000000712f00000| Untracked 
| 156|0x0000000713000000, 0x0000000713000000, 0x0000000713100000|  0%| F|  |TAMS 0x0000000713000000, 0x0000000713000000| Untracked 
| 157|0x0000000713100000, 0x0000000713100000, 0x0000000713200000|  0%| F|  |TAMS 0x0000000713100000, 0x0000000713100000| Untracked 
| 158|0x0000000713200000, 0x0000000713200000, 0x0000000713300000|  0%| F|  |TAMS 0x0000000713200000, 0x0000000713200000| Untracked 
| 159|0x0000000713300000, 0x0000000713300000, 0x0000000713400000|  0%| F|  |TAMS 0x0000000713300000, 0x0000000713300000| Untracked 
| 160|0x0000000713400000, 0x0000000713400000, 0x0000000713500000|  0%| F|  |TAMS 0x0000000713400000, 0x0000000713400000| Untracked 
| 161|0x0000000713500000, 0x0000000713500000, 0x0000000713600000|  0%| F|  |TAMS 0x0000000713500000, 0x0000000713500000| Untracked 
| 162|0x0000000713600000, 0x0000000713600000, 0x0000000713700000|  0%| F|  |TAMS 0x0000000713600000, 0x0000000713600000| Untracked 
| 163|0x0000000713700000, 0x0000000713700000, 0x0000000713800000|  0%| F|  |TAMS 0x0000000713700000, 0x0000000713700000| Untracked 
| 164|0x0000000713800000, 0x0000000713800000, 0x0000000713900000|  0%| F|  |TAMS 0x0000000713800000, 0x0000000713800000| Untracked 
| 165|0x0000000713900000, 0x0000000713900000, 0x0000000713a00000|  0%| F|  |TAMS 0x0000000713900000, 0x0000000713900000| Untracked 
| 166|0x0000000713a00000, 0x0000000713a00000, 0x0000000713b00000|  0%| F|  |TAMS 0x0000000713a00000, 0x0000000713a00000| Untracked 
| 167|0x0000000713b00000, 0x0000000713b00000, 0x0000000713c00000|  0%| F|  |TAMS 0x0000000713b00000, 0x0000000713b00000| Untracked 
| 168|0x0000000713c00000, 0x0000000713c00000, 0x0000000713d00000|  0%| F|  |TAMS 0x0000000713c00000, 0x0000000713c00000| Untracked 
| 169|0x0000000713d00000, 0x0000000713d00000, 0x0000000713e00000|  0%| F|  |TAMS 0x0000000713d00000, 0x0000000713d00000| Untracked 
| 170|0x0000000713e00000, 0x0000000713e00000, 0x0000000713f00000|  0%| F|  |TAMS 0x0000000713e00000, 0x0000000713e00000| Untracked 
| 171|0x0000000713f00000, 0x0000000713f00000, 0x0000000714000000|  0%| F|  |TAMS 0x0000000713f00000, 0x0000000713f00000| Untracked 
| 172|0x0000000714000000, 0x0000000714000000, 0x0000000714100000|  0%| F|  |TAMS 0x0000000714000000, 0x0000000714000000| Untracked 
| 173|0x0000000714100000, 0x0000000714100000, 0x0000000714200000|  0%| F|  |TAMS 0x0000000714100000, 0x0000000714100000| Untracked 
| 174|0x0000000714200000, 0x0000000714200000, 0x0000000714300000|  0%| F|  |TAMS 0x0000000714200000, 0x0000000714200000| Untracked 
| 175|0x0000000714300000, 0x0000000714300000, 0x0000000714400000|  0%| F|  |TAMS 0x0000000714300000, 0x0000000714300000| Untracked 
| 176|0x0000000714400000, 0x0000000714400000, 0x0000000714500000|  0%| F|  |TAMS 0x0000000714400000, 0x0000000714400000| Untracked 
| 177|0x0000000714500000, 0x0000000714500000, 0x0000000714600000|  0%| F|  |TAMS 0x0000000714500000, 0x0000000714500000| Untracked 
| 178|0x0000000714600000, 0x0000000714600000, 0x0000000714700000|  0%| F|  |TAMS 0x0000000714600000, 0x0000000714600000| Untracked 
| 179|0x0000000714700000, 0x0000000714700000, 0x0000000714800000|  0%| F|  |TAMS 0x0000000714700000, 0x0000000714700000| Untracked 
| 180|0x0000000714800000, 0x0000000714800000, 0x0000000714900000|  0%| F|  |TAMS 0x0000000714800000, 0x0000000714800000| Untracked 
| 181|0x0000000714900000, 0x0000000714900000, 0x0000000714a00000|  0%| F|  |TAMS 0x0000000714900000, 0x0000000714900000| Untracked 
| 182|0x0000000714a00000, 0x0000000714a00000, 0x0000000714b00000|  0%| F|  |TAMS 0x0000000714a00000, 0x0000000714a00000| Untracked 
| 183|0x0000000714b00000, 0x0000000714b00000, 0x0000000714c00000|  0%| F|  |TAMS 0x0000000714b00000, 0x0000000714b00000| Untracked 
| 184|0x0000000714c00000, 0x0000000714c00000, 0x0000000714d00000|  0%| F|  |TAMS 0x0000000714c00000, 0x0000000714c00000| Untracked 
| 185|0x0000000714d00000, 0x0000000714d00000, 0x0000000714e00000|  0%| F|  |TAMS 0x0000000714d00000, 0x0000000714d00000| Untracked 
| 186|0x0000000714e00000, 0x0000000714e00000, 0x0000000714f00000|  0%| F|  |TAMS 0x0000000714e00000, 0x0000000714e00000| Untracked 
| 187|0x0000000714f00000, 0x0000000714f00000, 0x0000000715000000|  0%| F|  |TAMS 0x0000000714f00000, 0x0000000714f00000| Untracked 
| 188|0x0000000715000000, 0x0000000715000000, 0x0000000715100000|  0%| F|  |TAMS 0x0000000715000000, 0x0000000715000000| Untracked 
| 189|0x0000000715100000, 0x0000000715100000, 0x0000000715200000|  0%| F|  |TAMS 0x0000000715100000, 0x0000000715100000| Untracked 
| 190|0x0000000715200000, 0x0000000715200000, 0x0000000715300000|  0%| F|  |TAMS 0x0000000715200000, 0x0000000715200000| Untracked 
| 191|0x0000000715300000, 0x0000000715300000, 0x0000000715400000|  0%| F|  |TAMS 0x0000000715300000, 0x0000000715300000| Untracked 
| 192|0x0000000715400000, 0x0000000715400000, 0x0000000715500000|  0%| F|  |TAMS 0x0000000715400000, 0x0000000715400000| Untracked 
| 193|0x0000000715500000, 0x0000000715500000, 0x0000000715600000|  0%| F|  |TAMS 0x0000000715500000, 0x0000000715500000| Untracked 
| 194|0x0000000715600000, 0x0000000715600000, 0x0000000715700000|  0%| F|  |TAMS 0x0000000715600000, 0x0000000715600000| Untracked 
| 195|0x0000000715700000, 0x0000000715700000, 0x0000000715800000|  0%| F|  |TAMS 0x0000000715700000, 0x0000000715700000| Untracked 
| 196|0x0000000715800000, 0x0000000715800000, 0x0000000715900000|  0%| F|  |TAMS 0x0000000715800000, 0x0000000715800000| Untracked 
| 197|0x0000000715900000, 0x0000000715900000, 0x0000000715a00000|  0%| F|  |TAMS 0x0000000715900000, 0x0000000715900000| Untracked 
| 198|0x0000000715a00000, 0x0000000715a00000, 0x0000000715b00000|  0%| F|  |TAMS 0x0000000715a00000, 0x0000000715a00000| Untracked 
| 199|0x0000000715b00000, 0x0000000715b00000, 0x0000000715c00000|  0%| F|  |TAMS 0x0000000715b00000, 0x0000000715b00000| Untracked 
| 200|0x0000000715c00000, 0x0000000715c00000, 0x0000000715d00000|  0%| F|  |TAMS 0x0000000715c00000, 0x0000000715c00000| Untracked 
| 201|0x0000000715d00000, 0x0000000715d00000, 0x0000000715e00000|  0%| F|  |TAMS 0x0000000715d00000, 0x0000000715d00000| Untracked 
| 202|0x0000000715e00000, 0x0000000715e00000, 0x0000000715f00000|  0%| F|  |TAMS 0x0000000715e00000, 0x0000000715e00000| Untracked 
| 203|0x0000000715f00000, 0x0000000715f00000, 0x0000000716000000|  0%| F|  |TAMS 0x0000000715f00000, 0x0000000715f00000| Untracked 
| 204|0x0000000716000000, 0x0000000716000000, 0x0000000716100000|  0%| F|  |TAMS 0x0000000716000000, 0x0000000716000000| Untracked 
| 205|0x0000000716100000, 0x0000000716100000, 0x0000000716200000|  0%| F|  |TAMS 0x0000000716100000, 0x0000000716100000| Untracked 
| 206|0x0000000716200000, 0x0000000716200000, 0x0000000716300000|  0%| F|  |TAMS 0x0000000716200000, 0x0000000716200000| Untracked 
| 207|0x0000000716300000, 0x0000000716300000, 0x0000000716400000|  0%| F|  |TAMS 0x0000000716300000, 0x0000000716300000| Untracked 
| 208|0x0000000716400000, 0x0000000716400000, 0x0000000716500000|  0%| F|  |TAMS 0x0000000716400000, 0x0000000716400000| Untracked 
| 209|0x0000000716500000, 0x0000000716500000, 0x0000000716600000|  0%| F|  |TAMS 0x0000000716500000, 0x0000000716500000| Untracked 
| 210|0x0000000716600000, 0x0000000716600000, 0x0000000716700000|  0%| F|  |TAMS 0x0000000716600000, 0x0000000716600000| Untracked 
| 211|0x0000000716700000, 0x0000000716700000, 0x0000000716800000|  0%| F|  |TAMS 0x0000000716700000, 0x0000000716700000| Untracked 
| 212|0x0000000716800000, 0x0000000716800000, 0x0000000716900000|  0%| F|  |TAMS 0x0000000716800000, 0x0000000716800000| Untracked 
| 213|0x0000000716900000, 0x0000000716900000, 0x0000000716a00000|  0%| F|  |TAMS 0x0000000716900000, 0x0000000716900000| Untracked 
| 214|0x0000000716a00000, 0x0000000716a00000, 0x0000000716b00000|  0%| F|  |TAMS 0x0000000716a00000, 0x0000000716a00000| Untracked 
| 215|0x0000000716b00000, 0x0000000716b00000, 0x0000000716c00000|  0%| F|  |TAMS 0x0000000716b00000, 0x0000000716b00000| Untracked 
| 216|0x0000000716c00000, 0x0000000716c00000, 0x0000000716d00000|  0%| F|  |TAMS 0x0000000716c00000, 0x0000000716c00000| Untracked 
| 217|0x0000000716d00000, 0x0000000716d00000, 0x0000000716e00000|  0%| F|  |TAMS 0x0000000716d00000, 0x0000000716d00000| Untracked 
| 218|0x0000000716e00000, 0x0000000716e00000, 0x0000000716f00000|  0%| F|  |TAMS 0x0000000716e00000, 0x0000000716e00000| Untracked 
| 219|0x0000000716f00000, 0x0000000716f00000, 0x0000000717000000|  0%| F|  |TAMS 0x0000000716f00000, 0x0000000716f00000| Untracked 
| 220|0x0000000717000000, 0x0000000717000000, 0x0000000717100000|  0%| F|  |TAMS 0x0000000717000000, 0x0000000717000000| Untracked 
| 221|0x0000000717100000, 0x0000000717100000, 0x0000000717200000|  0%| F|  |TAMS 0x0000000717100000, 0x0000000717100000| Untracked 
| 222|0x0000000717200000, 0x0000000717200000, 0x0000000717300000|  0%| F|  |TAMS 0x0000000717200000, 0x0000000717200000| Untracked 
| 223|0x0000000717300000, 0x0000000717300000, 0x0000000717400000|  0%| F|  |TAMS 0x0000000717300000, 0x0000000717300000| Untracked 
| 224|0x0000000717400000, 0x0000000717400000, 0x0000000717500000|  0%| F|  |TAMS 0x0000000717400000, 0x0000000717400000| Untracked 
| 225|0x0000000717500000, 0x0000000717500000, 0x0000000717600000|  0%| F|  |TAMS 0x0000000717500000, 0x0000000717500000| Untracked 
| 226|0x0000000717600000, 0x0000000717600000, 0x0000000717700000|  0%| F|  |TAMS 0x0000000717600000, 0x0000000717600000| Untracked 
| 227|0x0000000717700000, 0x0000000717700000, 0x0000000717800000|  0%| F|  |TAMS 0x0000000717700000, 0x0000000717700000| Untracked 
| 228|0x0000000717800000, 0x0000000717800000, 0x0000000717900000|  0%| F|  |TAMS 0x0000000717800000, 0x0000000717800000| Untracked 
| 229|0x0000000717900000, 0x0000000717900000, 0x0000000717a00000|  0%| F|  |TAMS 0x0000000717900000, 0x0000000717900000| Untracked 
| 230|0x0000000717a00000, 0x0000000717a00000, 0x0000000717b00000|  0%| F|  |TAMS 0x0000000717a00000, 0x0000000717a00000| Untracked 
| 231|0x0000000717b00000, 0x0000000717b00000, 0x0000000717c00000|  0%| F|  |TAMS 0x0000000717b00000, 0x0000000717b00000| Untracked 
| 232|0x0000000717c00000, 0x0000000717c00000, 0x0000000717d00000|  0%| F|  |TAMS 0x0000000717c00000, 0x0000000717c00000| Untracked 
| 233|0x0000000717d00000, 0x0000000717d00000, 0x0000000717e00000|  0%| F|  |TAMS 0x0000000717d00000, 0x0000000717d00000| Untracked 
| 234|0x0000000717e00000, 0x0000000717e00000, 0x0000000717f00000|  0%| F|  |TAMS 0x0000000717e00000, 0x0000000717e00000| Untracked 
| 235|0x0000000717f00000, 0x0000000717f00000, 0x0000000718000000|  0%| F|  |TAMS 0x0000000717f00000, 0x0000000717f00000| Untracked 
| 236|0x0000000718000000, 0x0000000718000000, 0x0000000718100000|  0%| F|  |TAMS 0x0000000718000000, 0x0000000718000000| Untracked 
| 237|0x0000000718100000, 0x0000000718100000, 0x0000000718200000|  0%| F|  |TAMS 0x0000000718100000, 0x0000000718100000| Untracked 
| 238|0x0000000718200000, 0x0000000718200000, 0x0000000718300000|  0%| F|  |TAMS 0x0000000718200000, 0x0000000718200000| Untracked 
| 239|0x0000000718300000, 0x0000000718300000, 0x0000000718400000|  0%| F|  |TAMS 0x0000000718300000, 0x0000000718300000| Untracked 
| 240|0x0000000718400000, 0x0000000718400000, 0x0000000718500000|  0%| F|  |TAMS 0x0000000718400000, 0x0000000718400000| Untracked 
| 241|0x0000000718500000, 0x0000000718500000, 0x0000000718600000|  0%| F|  |TAMS 0x0000000718500000, 0x0000000718500000| Untracked 
| 242|0x0000000718600000, 0x0000000718600000, 0x0000000718700000|  0%| F|  |TAMS 0x0000000718600000, 0x0000000718600000| Untracked 
| 243|0x0000000718700000, 0x0000000718700000, 0x0000000718800000|  0%| F|  |TAMS 0x0000000718700000, 0x0000000718700000| Untracked 
| 244|0x0000000718800000, 0x0000000718800000, 0x0000000718900000|  0%| F|  |TAMS 0x0000000718800000, 0x0000000718800000| Untracked 
| 245|0x0000000718900000, 0x0000000718900000, 0x0000000718a00000|  0%| F|  |TAMS 0x0000000718900000, 0x0000000718900000| Untracked 
| 246|0x0000000718a00000, 0x0000000718a00000, 0x0000000718b00000|  0%| F|  |TAMS 0x0000000718a00000, 0x0000000718a00000| Untracked 
| 247|0x0000000718b00000, 0x0000000718b00000, 0x0000000718c00000|  0%| F|  |TAMS 0x0000000718b00000, 0x0000000718b00000| Untracked 
| 248|0x0000000718c00000, 0x0000000718c00000, 0x0000000718d00000|  0%| F|  |TAMS 0x0000000718c00000, 0x0000000718c00000| Untracked 
| 249|0x0000000718d00000, 0x0000000718d00000, 0x0000000718e00000|  0%| F|  |TAMS 0x0000000718d00000, 0x0000000718d00000| Untracked 
| 250|0x0000000718e00000, 0x0000000718e00000, 0x0000000718f00000|  0%| F|  |TAMS 0x0000000718e00000, 0x0000000718e00000| Untracked 
| 251|0x0000000718f00000, 0x0000000718f00000, 0x0000000719000000|  0%| F|  |TAMS 0x0000000718f00000, 0x0000000718f00000| Untracked 
| 252|0x0000000719000000, 0x0000000719000000, 0x0000000719100000|  0%| F|  |TAMS 0x0000000719000000, 0x0000000719000000| Untracked 
| 253|0x0000000719100000, 0x0000000719100000, 0x0000000719200000|  0%| F|  |TAMS 0x0000000719100000, 0x0000000719100000| Untracked 
| 254|0x0000000719200000, 0x0000000719200000, 0x0000000719300000|  0%| F|  |TAMS 0x0000000719200000, 0x0000000719200000| Untracked 
| 255|0x0000000719300000, 0x0000000719300000, 0x0000000719400000|  0%| F|  |TAMS 0x0000000719300000, 0x0000000719300000| Untracked 
| 256|0x0000000719400000, 0x0000000719400000, 0x0000000719500000|  0%| F|  |TAMS 0x0000000719400000, 0x0000000719400000| Untracked 
| 257|0x0000000719500000, 0x0000000719500000, 0x0000000719600000|  0%| F|  |TAMS 0x0000000719500000, 0x0000000719500000| Untracked 
| 258|0x0000000719600000, 0x0000000719600000, 0x0000000719700000|  0%| F|  |TAMS 0x0000000719600000, 0x0000000719600000| Untracked 
| 259|0x0000000719700000, 0x0000000719700000, 0x0000000719800000|  0%| F|  |TAMS 0x0000000719700000, 0x0000000719700000| Untracked 
| 260|0x0000000719800000, 0x0000000719800000, 0x0000000719900000|  0%| F|  |TAMS 0x0000000719800000, 0x0000000719800000| Untracked 
| 261|0x0000000719900000, 0x0000000719900000, 0x0000000719a00000|  0%| F|  |TAMS 0x0000000719900000, 0x0000000719900000| Untracked 
| 262|0x0000000719a00000, 0x0000000719a00000, 0x0000000719b00000|  0%| F|  |TAMS 0x0000000719a00000, 0x0000000719a00000| Untracked 
| 263|0x0000000719b00000, 0x0000000719b00000, 0x0000000719c00000|  0%| F|  |TAMS 0x0000000719b00000, 0x0000000719b00000| Untracked 
| 264|0x0000000719c00000, 0x0000000719c00000, 0x0000000719d00000|  0%| F|  |TAMS 0x0000000719c00000, 0x0000000719c00000| Untracked 
| 265|0x0000000719d00000, 0x0000000719d00000, 0x0000000719e00000|  0%| F|  |TAMS 0x0000000719d00000, 0x0000000719d00000| Untracked 
| 266|0x0000000719e00000, 0x0000000719e00000, 0x0000000719f00000|  0%| F|  |TAMS 0x0000000719e00000, 0x0000000719e00000| Untracked 
| 267|0x0000000719f00000, 0x0000000719f00000, 0x000000071a000000|  0%| F|  |TAMS 0x0000000719f00000, 0x0000000719f00000| Untracked 
| 268|0x000000071a000000, 0x000000071a000000, 0x000000071a100000|  0%| F|  |TAMS 0x000000071a000000, 0x000000071a000000| Untracked 
| 269|0x000000071a100000, 0x000000071a100000, 0x000000071a200000|  0%| F|  |TAMS 0x000000071a100000, 0x000000071a100000| Untracked 
| 270|0x000000071a200000, 0x000000071a200000, 0x000000071a300000|  0%| F|  |TAMS 0x000000071a200000, 0x000000071a200000| Untracked 
| 271|0x000000071a300000, 0x000000071a300000, 0x000000071a400000|  0%| F|  |TAMS 0x000000071a300000, 0x000000071a300000| Untracked 
| 272|0x000000071a400000, 0x000000071a400000, 0x000000071a500000|  0%| F|  |TAMS 0x000000071a400000, 0x000000071a400000| Untracked 
| 273|0x000000071a500000, 0x000000071a500000, 0x000000071a600000|  0%| F|  |TAMS 0x000000071a500000, 0x000000071a500000| Untracked 
| 274|0x000000071a600000, 0x000000071a600000, 0x000000071a700000|  0%| F|  |TAMS 0x000000071a600000, 0x000000071a600000| Untracked 
| 275|0x000000071a700000, 0x000000071a700000, 0x000000071a800000|  0%| F|  |TAMS 0x000000071a700000, 0x000000071a700000| Untracked 
| 276|0x000000071a800000, 0x000000071a800000, 0x000000071a900000|  0%| F|  |TAMS 0x000000071a800000, 0x000000071a800000| Untracked 
| 277|0x000000071a900000, 0x000000071a900000, 0x000000071aa00000|  0%| F|  |TAMS 0x000000071a900000, 0x000000071a900000| Untracked 
| 278|0x000000071aa00000, 0x000000071aa00000, 0x000000071ab00000|  0%| F|  |TAMS 0x000000071aa00000, 0x000000071aa00000| Untracked 
| 279|0x000000071ab00000, 0x000000071ab00000, 0x000000071ac00000|  0%| F|  |TAMS 0x000000071ab00000, 0x000000071ab00000| Untracked 
| 280|0x000000071ac00000, 0x000000071ac00000, 0x000000071ad00000|  0%| F|  |TAMS 0x000000071ac00000, 0x000000071ac00000| Untracked 
| 281|0x000000071ad00000, 0x000000071ad00000, 0x000000071ae00000|  0%| F|  |TAMS 0x000000071ad00000, 0x000000071ad00000| Untracked 
| 282|0x000000071ae00000, 0x000000071ae00000, 0x000000071af00000|  0%| F|  |TAMS 0x000000071ae00000, 0x000000071ae00000| Untracked 
| 283|0x000000071af00000, 0x000000071af00000, 0x000000071b000000|  0%| F|  |TAMS 0x000000071af00000, 0x000000071af00000| Untracked 
| 284|0x000000071b000000, 0x000000071b000000, 0x000000071b100000|  0%| F|  |TAMS 0x000000071b000000, 0x000000071b000000| Untracked 
| 285|0x000000071b100000, 0x000000071b1f9fb0, 0x000000071b200000| 97%| S|CS|TAMS 0x000000071b100000, 0x000000071b100000| Complete 
| 286|0x000000071b200000, 0x000000071b200000, 0x000000071b300000|  0%| F|  |TAMS 0x000000071b200000, 0x000000071b200000| Untracked 
| 287|0x000000071b300000, 0x000000071b300000, 0x000000071b400000|  0%| F|  |TAMS 0x000000071b300000, 0x000000071b300000| Untracked 
| 288|0x000000071b400000, 0x000000071b400000, 0x000000071b500000|  0%| F|  |TAMS 0x000000071b400000, 0x000000071b400000| Untracked 
| 289|0x000000071b500000, 0x000000071b500000, 0x000000071b600000|  0%| F|  |TAMS 0x000000071b500000, 0x000000071b500000| Untracked 
| 290|0x000000071b600000, 0x000000071b600000, 0x000000071b700000|  0%| F|  |TAMS 0x000000071b600000, 0x000000071b600000| Untracked 
| 291|0x000000071b700000, 0x000000071b700000, 0x000000071b800000|  0%| F|  |TAMS 0x000000071b700000, 0x000000071b700000| Untracked 
| 292|0x000000071b800000, 0x000000071b800000, 0x000000071b900000|  0%| F|  |TAMS 0x000000071b800000, 0x000000071b800000| Untracked 
| 293|0x000000071b900000, 0x000000071b900000, 0x000000071ba00000|  0%| F|  |TAMS 0x000000071b900000, 0x000000071b900000| Untracked 
| 294|0x000000071ba00000, 0x000000071ba80800, 0x000000071bb00000| 50%| E|  |TAMS 0x000000071ba00000, 0x000000071ba00000| Complete 
| 295|0x000000071bb00000, 0x000000071bc00000, 0x000000071bc00000|100%| E|CS|TAMS 0x000000071bb00000, 0x000000071bb00000| Complete 
| 296|0x000000071bc00000, 0x000000071bd00000, 0x000000071bd00000|100%| E|CS|TAMS 0x000000071bc00000, 0x000000071bc00000| Complete 
| 297|0x000000071bd00000, 0x000000071be00000, 0x000000071be00000|100%| E|CS|TAMS 0x000000071bd00000, 0x000000071bd00000| Complete 

Card table byte_map: [0x000002176f9d0000,0x0000021770190000] _byte_map_base: 0x000002176c186000

Marking Bits (Prev, Next): (CMBitMap*) 0x0000021755f3afb8, (CMBitMap*) 0x0000021755f3aff0
 Prev Bits: [0x0000021770950000, 0x0000021774700000)
 Next Bits: [0x0000021774700000, 0x00000217784b0000)

Polling page: 0x0000021755e20000

Metaspace:

Usage:
  Non-class:     31.23 MB capacity,    30.69 MB ( 98%) used,   489.02 KB (  2%) free+waste,    61.56 KB ( <1%) overhead. 
      Class:      3.85 MB capacity,     3.56 MB ( 93%) used,   265.37 KB (  7%) free+waste,    26.38 KB ( <1%) overhead. 
       Both:     35.08 MB capacity,    34.26 MB ( 98%) used,   754.39 KB (  2%) free+waste,    87.94 KB ( <1%) overhead. 

Virtual space:
  Non-class space:       32.00 MB reserved,      31.42 MB ( 98%) committed 
      Class space:        1.00 GB reserved,       3.88 MB ( <1%) committed 
             Both:        1.03 GB reserved,      35.30 MB (  3%) committed 

Chunk freelists:
   Non-Class:  768 bytes
       Class:  0 bytes
        Both:  768 bytes

CodeHeap 'non-profiled nmethods': size=119168Kb used=4111Kb max_used=4111Kb free=115056Kb
 bounds [0x0000021766df0000, 0x0000021767200000, 0x000002176e250000]
CodeHeap 'profiled nmethods': size=119168Kb used=17219Kb max_used=17219Kb free=101948Kb
 bounds [0x000002175f990000, 0x0000021760a70000, 0x0000021766df0000]
CodeHeap 'non-nmethods': size=7424Kb used=2846Kb max_used=2893Kb free=4577Kb
 bounds [0x000002175f250000, 0x000002175f540000, 0x000002175f990000]
 total_blobs=7355 nmethods=6866 adapters=397
 compilation: enabled
              stopped_count=0, restarted_count=0
 full_count=0

Compilation events (10 events):
Event: 6.839 Thread 0x000002177c0e4000 nmethod 6882 0x00000217671ed190 code [0x00000217671ed340, 0x00000217671ed938]
Event: 6.839 Thread 0x000002177c0e4000 6833       4       java.io.File::getParent (65 bytes)
Event: 6.846 Thread 0x000002177bf55000 nmethod 6850 0x00000217671edd90 code [0x00000217671ee260, 0x00000217671efdd8]
Event: 6.846 Thread 0x000002177bf55000 6879   !   4       lombok.core.AST::buildWithField0 (122 bytes)
Event: 6.850 Thread 0x000002177bf56800 6884       1       lombok.javac.JavacTreeMaker$MethodId::access$2 (5 bytes)
Event: 6.850 Thread 0x000002177bf56800 nmethod 6884 0x00000217671f1d10 code [0x00000217671f1ea0, 0x00000217671f1f38]
Event: 6.851 Thread 0x000002177c0e4000 nmethod 6833 0x00000217671f2010 code [0x00000217671f21c0, 0x00000217671f2cf8]
Event: 6.851 Thread 0x000002177c0e4000 6881       4       jdk.internal.loader.URLClassPath$JarLoader::findResource (18 bytes)
Event: 6.852 Thread 0x000002177c0e4000 nmethod 6881 0x00000217671f3110 code [0x00000217671f32a0, 0x00000217671f3368]
Event: 6.852 Thread 0x000002177c0e4000 6880       4       lombok.javac.JavacAST::buildStatementOrExpression (104 bytes)

GC Heap History (10 events):
Event: 2.190 GC heap before
{Heap before GC invocations=1 (full 0):
 garbage-first heap   total 253952K, used 79829K [0x0000000709400000, 0x0000000800000000)
  region size 1024K, 78 young (79872K), 3 survivors (3072K)
 Metaspace       used 20802K, capacity 21141K, committed 21296K, reserved 1069056K
  class space    used 2212K, capacity 2331K, committed 2432K, reserved 1048576K
}
Event: 2.198 GC heap after
{Heap after GC invocations=2 (full 0):
 garbage-first heap   total 253952K, used 9797K [0x0000000709400000, 0x0000000800000000)
  region size 1024K, 9 young (9216K), 9 survivors (9216K)
 Metaspace       used 20802K, capacity 21141K, committed 21296K, reserved 1069056K
  class space    used 2212K, capacity 2331K, committed 2432K, reserved 1048576K
}
Event: 2.929 GC heap before
{Heap before GC invocations=3 (full 0):
 garbage-first heap   total 253952K, used 86597K [0x0000000709400000, 0x0000000800000000)
  region size 1024K, 84 young (86016K), 9 survivors (9216K)
 Metaspace       used 21618K, capacity 22047K, committed 22320K, reserved 1069056K
  class space    used 2251K, capacity 2374K, committed 2432K, reserved 1048576K
}
Event: 2.942 GC heap after
{Heap after GC invocations=4 (full 0):
 garbage-first heap   total 253952K, used 18104K [0x0000000709400000, 0x0000000800000000)
  region size 1024K, 9 young (9216K), 9 survivors (9216K)
 Metaspace       used 21618K, capacity 22047K, committed 22320K, reserved 1069056K
  class space    used 2251K, capacity 2374K, committed 2432K, reserved 1048576K
}
Event: 4.105 GC heap before
{Heap before GC invocations=4 (full 0):
 garbage-first heap   total 253952K, used 110264K [0x0000000709400000, 0x0000000800000000)
  region size 1024K, 99 young (101376K), 9 survivors (9216K)
 Metaspace       used 22733K, capacity 23161K, committed 23472K, reserved 1071104K
  class space    used 2317K, capacity 2446K, committed 2560K, reserved 1048576K
}
Event: 4.129 GC heap after
{Heap after GC invocations=5 (full 0):
 garbage-first heap   total 253952K, used 22474K [0x0000000709400000, 0x0000000800000000)
  region size 1024K, 6 young (6144K), 6 survivors (6144K)
 Metaspace       used 22733K, capacity 23161K, committed 23472K, reserved 1071104K
  class space    used 2317K, capacity 2446K, committed 2560K, reserved 1048576K
}
Event: 6.500 GC heap before
{Heap before GC invocations=5 (full 0):
 garbage-first heap   total 253952K, used 167882K [0x0000000709400000, 0x0000000800000000)
  region size 1024K, 148 young (151552K), 6 survivors (6144K)
 Metaspace       used 33974K, capacity 34754K, committed 34992K, reserved 1081344K
  class space    used 3536K, capacity 3833K, committed 3840K, reserved 1048576K
}
Event: 6.517 GC heap after
{Heap after GC invocations=6 (full 0):
 garbage-first heap   total 253952K, used 45851K [0x0000000709400000, 0x0000000800000000)
  region size 1024K, 19 young (19456K), 19 survivors (19456K)
 Metaspace       used 33974K, capacity 34754K, committed 34992K, reserved 1081344K
  class space    used 3536K, capacity 3833K, committed 3840K, reserved 1048576K
}
Event: 6.765 GC heap before
{Heap before GC invocations=6 (full 0):
 garbage-first heap   total 253952K, used 61211K [0x0000000709400000, 0x0000000800000000)
  region size 1024K, 35 young (35840K), 19 survivors (19456K)
 Metaspace       used 34765K, capacity 35589K, committed 35888K, reserved 1081344K
  class space    used 3612K, capacity 3898K, committed 3968K, reserved 1048576K
}
Event: 6.777 GC heap after
{Heap after GC invocations=7 (full 0):
 garbage-first heap   total 305152K, used 49211K [0x0000000709400000, 0x0000000800000000)
  region size 1024K, 3 young (3072K), 3 survivors (3072K)
 Metaspace       used 34765K, capacity 35589K, committed 35888K, reserved 1081344K
  class space    used 3612K, capacity 3898K, committed 3968K, reserved 1048576K
}

Deoptimization events (10 events):
Event: 6.682 Thread 0x0000021757902800 Uncommon trap: reason=class_check action=maybe_recompile pc=0x0000021766f7f30c method=java.util.Collections$UnmodifiableMap$UnmodifiableEntrySet$UnmodifiableEntry.getKey()Ljava/lang/Object; @ 4 c2
Event: 6.682 Thread 0x0000021757902800 Uncommon trap: reason=class_check action=maybe_recompile pc=0x0000021766f7f60c method=java.util.Collections$UnmodifiableMap$UnmodifiableEntrySet$UnmodifiableEntry.getValue()Ljava/lang/Object; @ 4 c2
Event: 6.682 Thread 0x0000021757902800 Uncommon trap: reason=class_check action=maybe_recompile pc=0x0000021766f7c414 method=java.util.Collections$UnmodifiableMap$UnmodifiableEntrySet$1.hasNext()Z @ 4 c2
Event: 6.682 Thread 0x0000021757902800 Uncommon trap: reason=class_check action=maybe_recompile pc=0x0000021766f7da84 method=java.util.Collections$UnmodifiableMap$UnmodifiableEntrySet$1.next()Ljava/util/Map$Entry; @ 8 c2
Event: 6.682 Thread 0x0000021757902800 Uncommon trap: reason=class_check action=maybe_recompile pc=0x0000021766f7f30c method=java.util.Collections$UnmodifiableMap$UnmodifiableEntrySet$UnmodifiableEntry.getKey()Ljava/lang/Object; @ 4 c2
Event: 6.682 Thread 0x0000021757902800 Uncommon trap: reason=class_check action=maybe_recompile pc=0x0000021766f7f60c method=java.util.Collections$UnmodifiableMap$UnmodifiableEntrySet$UnmodifiableEntry.getValue()Ljava/lang/Object; @ 4 c2
Event: 6.861 Thread 0x0000021757902800 Uncommon trap: reason=null_check action=maybe_recompile pc=0x0000021766f7040c method=java.util.regex.Matcher.getTextLength()I @ 4 c2
Event: 6.863 Thread 0x0000021757902800 Uncommon trap: reason=null_check action=maybe_recompile pc=0x0000021766f7040c method=java.util.regex.Matcher.getTextLength()I @ 4 c2
Event: 6.865 Thread 0x0000021757902800 Uncommon trap: reason=null_check action=maybe_recompile pc=0x0000021766f7040c method=java.util.regex.Matcher.getTextLength()I @ 4 c2
Event: 6.869 Thread 0x0000021757902800 Uncommon trap: reason=null_check action=maybe_recompile pc=0x0000021766f77f98 method=java.util.regex.Matcher.getTextLength()I @ 4 c2

Classes redefined (0 events):
No events

Internal exceptions (10 events):
Event: 6.220 Thread 0x0000021757902800 Exception <a 'sun/nio/fs/WindowsException'{0x0000000710b34e68}> (0x0000000710b34e68) thrown at [./open/src/hotspot/share/prims/jni.cpp, line 611]
Event: 6.220 Thread 0x0000021757902800 Exception <a 'sun/nio/fs/WindowsException'{0x0000000710b351c8}> (0x0000000710b351c8) thrown at [./open/src/hotspot/share/prims/jni.cpp, line 611]
Event: 6.221 Thread 0x0000021757902800 Exception <a 'sun/nio/fs/WindowsException'{0x0000000710b369b0}> (0x0000000710b369b0) thrown at [./open/src/hotspot/share/prims/jni.cpp, line 611]
Event: 6.221 Thread 0x0000021757902800 Exception <a 'sun/nio/fs/WindowsException'{0x0000000710b36d60}> (0x0000000710b36d60) thrown at [./open/src/hotspot/share/prims/jni.cpp, line 611]
Event: 6.221 Thread 0x0000021757902800 Exception <a 'sun/nio/fs/WindowsException'{0x0000000710b38310}> (0x0000000710b38310) thrown at [./open/src/hotspot/share/prims/jni.cpp, line 611]
Event: 6.221 Thread 0x0000021757902800 Exception <a 'sun/nio/fs/WindowsException'{0x0000000710b38748}> (0x0000000710b38748) thrown at [./open/src/hotspot/share/prims/jni.cpp, line 611]
Event: 6.861 Thread 0x0000021757902800 Implicit null exception at 0x0000021766f7012f to 0x0000021766f703fc
Event: 6.863 Thread 0x0000021757902800 Implicit null exception at 0x0000021766f7012f to 0x0000021766f703fc
Event: 6.865 Thread 0x0000021757902800 Implicit null exception at 0x0000021766f7012f to 0x0000021766f703fc
Event: 6.869 Thread 0x0000021757902800 Implicit null exception at 0x0000021766f77c9b to 0x0000021766f77f88

Events (10 events):
Event: 6.861 Thread 0x0000021757902800 DEOPT UNPACKING pc=0x000002175f2768af sp=0x000000c2b99fc3f0 mode 2
Event: 6.863 Thread 0x0000021757902800 Uncommon trap: trap_request=0xfffffff6 fr.pc=0x0000021766f7040c relative=0x0000000000000b0c
Event: 6.863 Thread 0x0000021757902800 DEOPT PACKING pc=0x0000021766f7040c sp=0x000000c2b99fc580
Event: 6.863 Thread 0x0000021757902800 DEOPT UNPACKING pc=0x000002175f2768af sp=0x000000c2b99fc3f0 mode 2
Event: 6.865 Thread 0x0000021757902800 Uncommon trap: trap_request=0xfffffff6 fr.pc=0x0000021766f7040c relative=0x0000000000000b0c
Event: 6.865 Thread 0x0000021757902800 DEOPT PACKING pc=0x0000021766f7040c sp=0x000000c2b99fc580
Event: 6.865 Thread 0x0000021757902800 DEOPT UNPACKING pc=0x000002175f2768af sp=0x000000c2b99fc3f0 mode 2
Event: 6.869 Thread 0x0000021757902800 Uncommon trap: trap_request=0xfffffff6 fr.pc=0x0000021766f77f98 relative=0x0000000000000ab8
Event: 6.869 Thread 0x0000021757902800 DEOPT PACKING pc=0x0000021766f77f98 sp=0x000000c2b99fc2b0
Event: 6.869 Thread 0x0000021757902800 DEOPT UNPACKING pc=0x000002175f2768af sp=0x000000c2b99fc198 mode 2


Dynamic libraries:
0x00007ff75e1c0000 - 0x00007ff75e1cf000 	D:\javaweb\jdk11.0.13\bin\java.exe
0x00007fff959b0000 - 0x00007fff95ba5000 	C:\WINDOWS\SYSTEM32\ntdll.dll
0x00007fff95570000 - 0x00007fff9562e000 	C:\WINDOWS\System32\KERNEL32.DLL
0x00007fff931d0000 - 0x00007fff93498000 	C:\WINDOWS\System32\KERNELBASE.dll
0x00007fff935f0000 - 0x00007fff936f0000 	C:\WINDOWS\System32\ucrtbase.dll
0x00007fff83a80000 - 0x00007fff83a95000 	D:\javaweb\jdk11.0.13\bin\VCRUNTIME140.dll
0x00007fff83aa0000 - 0x00007fff83ab8000 	D:\javaweb\jdk11.0.13\bin\jli.dll
0x00007fff95750000 - 0x00007fff957fc000 	C:\WINDOWS\System32\ADVAPI32.dll
0x00007fff93ba0000 - 0x00007fff93c3e000 	C:\WINDOWS\System32\msvcrt.dll
0x00007fff939f0000 - 0x00007fff93a8b000 	C:\WINDOWS\System32\sechost.dll
0x00007fff944e0000 - 0x00007fff9460a000 	C:\WINDOWS\System32\RPCRT4.dll
0x00007fff93d30000 - 0x00007fff93ed1000 	C:\WINDOWS\System32\USER32.dll
0x00007fff93540000 - 0x00007fff93562000 	C:\WINDOWS\System32\win32u.dll
0x00007fff95930000 - 0x00007fff9595b000 	C:\WINDOWS\System32\GDI32.dll
0x00007fff930c0000 - 0x00007fff931cd000 	C:\WINDOWS\System32\gdi32full.dll
0x00007fff934a0000 - 0x00007fff9353d000 	C:\WINDOWS\System32\msvcp_win.dll
0x00007fff82460000 - 0x00007fff826fa000 	C:\WINDOWS\WinSxS\amd64_microsoft.windows.common-controls_6595b64144ccf1df_6.0.19041.1110_none_60b5254171f9507e\COMCTL32.dll
0x00007fff92e00000 - 0x00007fff92e0a000 	C:\WINDOWS\SYSTEM32\VERSION.dll
0x00007fff93b70000 - 0x00007fff93ba0000 	C:\WINDOWS\System32\IMM32.DLL
0x0000000053550000 - 0x000000005355c000 	D:\360jisu\360Safe\safemon\SafeWrapper.dll
0x00007fff7ec40000 - 0x00007fff7ecd6000 	D:\360jisu\360Safe\safemon\libzdtp64.dll
0x00007fff94b60000 - 0x00007fff952a4000 	C:\WINDOWS\System32\SHELL32.dll
0x00007fff953e0000 - 0x00007fff95435000 	C:\WINDOWS\System32\SHLWAPI.dll
0x00007fff402f0000 - 0x00007fff4038b000 	D:\javaweb\jdk11.0.13\bin\msvcp140.dll
0x00007fff3e230000 - 0x00007fff3ed43000 	D:\javaweb\jdk11.0.13\bin\server\jvm.dll
0x00007fff953d0000 - 0x00007fff953d8000 	C:\WINDOWS\System32\PSAPI.DLL
0x00007fff91630000 - 0x00007fff91657000 	C:\WINDOWS\SYSTEM32\WINMM.dll
0x00007fff7c5a0000 - 0x00007fff7c5a9000 	C:\WINDOWS\SYSTEM32\WSOCK32.dll
0x00007fff952b0000 - 0x00007fff9531b000 	C:\WINDOWS\System32\WS2_32.dll
0x00007fff91890000 - 0x00007fff918a2000 	C:\WINDOWS\SYSTEM32\kernel.appcore.dll
0x00007fff83a70000 - 0x00007fff83a80000 	D:\javaweb\jdk11.0.13\bin\verify.dll
0x00007fff91440000 - 0x00007fff91624000 	C:\WINDOWS\SYSTEM32\DBGHELP.DLL
0x00007fff91410000 - 0x00007fff9143c000 	C:\WINDOWS\SYSTEM32\dbgcore.DLL
0x00007fff936f0000 - 0x00007fff93772000 	C:\WINDOWS\System32\bcryptPrimitives.dll
0x00007fff7a3e0000 - 0x00007fff7a408000 	D:\javaweb\jdk11.0.13\bin\java.dll
0x00007fff83a60000 - 0x00007fff83a6a000 	D:\javaweb\jdk11.0.13\bin\jimage.dll
0x00007fff90410000 - 0x00007fff9041e000 	D:\javaweb\jdk11.0.13\bin\instrument.dll
0x00007fff7a3c0000 - 0x00007fff7a3d6000 	D:\javaweb\jdk11.0.13\bin\zip.dll
0x00007fff90ba0000 - 0x00007fff91334000 	C:\WINDOWS\SYSTEM32\windows.storage.dll
0x00007fff940f0000 - 0x00007fff94445000 	C:\WINDOWS\System32\combase.dll
0x00007fff92a10000 - 0x00007fff92a3e000 	C:\WINDOWS\SYSTEM32\Wldp.dll
0x00007fff95320000 - 0x00007fff953cd000 	C:\WINDOWS\System32\SHCORE.dll
0x00007fff93000000 - 0x00007fff9301f000 	C:\WINDOWS\SYSTEM32\profapi.dll
0x00007fff71f00000 - 0x00007fff71f19000 	D:\javaweb\jdk11.0.13\bin\net.dll
0x00007fff8baa0000 - 0x00007fff8bbac000 	C:\WINDOWS\SYSTEM32\WINHTTP.dll
0x00007fff926d0000 - 0x00007fff9273a000 	C:\WINDOWS\system32\mswsock.dll
0x00007fff5d680000 - 0x00007fff5d692000 	D:\javaweb\jdk11.0.13\bin\nio.dll
0x00007fff7bde0000 - 0x00007fff7bdfa000 	D:\idea2020\IntelliJ IDEA 2020.1\bin\breakgen64.dll
0x00007fff928f0000 - 0x00007fff92908000 	C:\WINDOWS\SYSTEM32\CRYPTSP.dll
0x00007fff92070000 - 0x00007fff920a4000 	C:\WINDOWS\system32\rsaenh.dll
0x00007fff935c0000 - 0x00007fff935e7000 	C:\WINDOWS\System32\bcrypt.dll
0x00007fff92f80000 - 0x00007fff92fae000 	C:\WINDOWS\SYSTEM32\USERENV.dll
0x00007fff92910000 - 0x00007fff9291c000 	C:\WINDOWS\SYSTEM32\CRYPTBASE.dll
0x00007fff923e0000 - 0x00007fff9241b000 	C:\WINDOWS\SYSTEM32\IPHLPAPI.DLL
0x00007fff95960000 - 0x00007fff95968000 	C:\WINDOWS\System32\NSI.dll
0x00007fff8aeb0000 - 0x00007fff8aec7000 	C:\WINDOWS\SYSTEM32\dhcpcsvc6.DLL
0x00007fff8ae50000 - 0x00007fff8ae6d000 	C:\WINDOWS\SYSTEM32\dhcpcsvc.DLL
0x00007fff92420000 - 0x00007fff924eb000 	C:\WINDOWS\SYSTEM32\DNSAPI.dll
0x00007fff84930000 - 0x00007fff8493a000 	C:\Users\Aron\AppData\Local\Temp\jansi-1.17.1-11643608526873669174.dll
0x00007fff7be10000 - 0x00007fff7be1a000 	C:\Users\Aron\AppData\Local\Temp\jansi-1.17.1-17846342992715811983.dll

dbghelp: loaded successfully - version: 4.0.5 - missing functions: none
symbol engine: initialized successfully - sym options: 0x614 - pdb path: .;D:\javaweb\jdk11.0.13\bin;C:\WINDOWS\SYSTEM32;C:\WINDOWS\WinSxS\amd64_microsoft.windows.common-controls_6595b64144ccf1df_6.0.19041.1110_none_60b5254171f9507e;D:\360jisu\360Safe\safemon;D:\javaweb\jdk11.0.13\bin\server;D:\idea2020\IntelliJ IDEA 2020.1\bin;C:\Users\Aron\AppData\Local\Temp

VM Arguments:
jvm_args: -Dmaven.multiModuleProjectDirectory=D:\javaweb\webproject\springboot-music -Dmaven.home=D:\idea2020\IntelliJ IDEA 2020.1\plugins\maven\lib\maven3 -Dclassworlds.conf=D:\idea2020\IntelliJ IDEA 2020.1\plugins\maven\lib\maven3\bin\m2.conf -Dmaven.ext.class.path=D:\idea2020\IntelliJ IDEA 2020.1\plugins\maven\lib\maven-event-listener.jar -javaagent:D:\idea2020\IntelliJ IDEA 2020.1\lib\idea_rt.jar=13264:D:\idea2020\IntelliJ IDEA 2020.1\bin -Dfile.encoding=UTF-8 
java_command: org.codehaus.classworlds.Launcher -Didea.version2020.1 -s D:\javaweb\apache-maven-3.6.3\conf\settings.xml -Dmaven.repo.local=D:\javaweb\apache-maven-3.6.3\maven-repo install
java_class_path (initial): D:\idea2020\IntelliJ IDEA 2020.1\plugins\maven\lib\maven3\boot\plexus-classworlds-2.6.0.jar
Launcher Type: SUN_STANDARD

[Global flags]
     intx CICompilerCount                          = 12                                        {product} {ergonomic}
     uint ConcGCThreads                            = 3                                         {product} {ergonomic}
     uint G1ConcRefinementThreads                  = 13                                        {product} {ergonomic}
   size_t G1HeapRegionSize                         = 1048576                                   {product} {ergonomic}
    uintx GCDrainStackTargetSize                   = 64                                        {product} {ergonomic}
   size_t InitialHeapSize                          = 260046848                                 {product} {ergonomic}
   size_t MarkStackSize                            = 4194304                                   {product} {ergonomic}
   size_t MaxHeapSize                              = 4139778048                                {product} {ergonomic}
   size_t MaxNewSize                               = 2483027968                                {product} {ergonomic}
   size_t MinHeapDeltaBytes                        = 1048576                                   {product} {ergonomic}
    uintx NonNMethodCodeHeapSize                   = 7594288                                {pd product} {ergonomic}
    uintx NonProfiledCodeHeapSize                  = 122031976                              {pd product} {ergonomic}
    uintx ProfiledCodeHeapSize                     = 122031976                              {pd product} {ergonomic}
    uintx ReservedCodeCacheSize                    = 251658240                              {pd product} {ergonomic}
     bool SegmentedCodeCache                       = true                                      {product} {ergonomic}
     bool UseCompressedClassPointers               = true                                 {lp64_product} {ergonomic}
     bool UseCompressedOops                        = true                                 {lp64_product} {ergonomic}
     bool UseG1GC                                  = true                                      {product} {ergonomic}
     bool UseLargePagesIndividualAllocation        = false                                  {pd product} {ergonomic}

Logging:
Log output configuration:
 #0: stdout all=warning uptime,level,tags
 #1: stderr all=off uptime,level,tags

Environment Variables:
JAVA_HOME=D:\javaweb\jdk11.0.13
CLASSPATH=D:\Lingo\Lingo18.jar
PATH=C:\Program Files (x86)\Razer Chroma SDK\bin;C:\Program Files\Razer Chroma SDK\bin;C:\Program Files (x86)\Razer\ChromaBroadcast\bin;C:\Program Files\Razer\ChromaBroadcast\bin;D:\VMware\bin\;D:\javaweb\jdk11.0.13\bin;C:\Program Files\Microsoft MPI\Bin\;C:\Program Files\Common Files\Oracle\Java\javapath;C:\Windows\system32;C:\Windows;C:\Windows\System32\Wbem;C:\Windows\System32\WindowsPowerShell\v1.0\;C:\Windows\System32\OpenSSH\;C:\Program Files (x86)\NVIDIA Corporation\PhysX\Common;C:\Program Files\NVIDIA Corporation\NVIDIA NvDLISR;C:\WINDOWS\system32;C:\WINDOWS;C:\WINDOWS\System32\Wbem;C:\WINDOWS\System32\WindowsPowerShell\v1.0\;C:\WINDOWS\System32\OpenSSH\;D:\javaweb\apache-maven-3.6.3\bin;D:\javaweb\apache-tomcat-8.5.72\bin;C:\Program Files\Microsoft SQL Server\Client SDK\ODBC\170\Tools\Binn\;C:\Program Files (x86)\Microsoft SQL Server\150\Tools\Binn\;C:\Program Files\Microsoft SQL Server\150\Tools\Binn\;C:\Program Files\Microsoft SQL Server\150\DTS\Binn\;C:\Program Files\dotnet\;D:\xshellxftp\xftp\;D:\xshellxftp\xshell\;D:\Lingo\;D:\Mysql5.7\mysql-5.7.19\bin;D:\javaweb\apache-tomcat-8.5.72\bin;D:\javaweb\apache-tomcat-8.5.79\bin;D:\Node\;C:\Program Files\Pandoc\;D:\Git\Git\cmd;C:\Users\Aron\AppData\Local\Programs\Python\Python38\Scripts\;C:\Users\Aron\AppData\Local\Programs\Python\Python38\;C:\Users\Aron\AppData\Local\Microsoft\WindowsApps;D:\Microsoft VS Code\bin;C:\Program Files\Bandizip\;D:\idea2020\IntelliJ IDEA 2020.1\bin;D:\Pycharm\PyCharm 2020.1\bin;D:\WebStrom\WebStorm 2020.1\bin;D:\PhpStorm\PhpStorm 2020.1\bin;D:\Fillder\Fiddler;C:\Users\Aron\AppData\Roaming\npm;C:\Users\Aron\AppData\Local\Programs\Python\Python38\Scripts\;C:\Users\Aron\AppData\Local\Programs\Python\Python38\;C:\Users\Aron\AppData\Local\Microsoft\WindowsApps;D:\Microsoft VS Code\bin;C:\Program Files\Bandizip\;D:\idea2020\IntelliJ IDEA 2020.1\bin;D:\Pycharm\PyCharm 2020.1\bin;D:\WebStrom\WebStorm 2020.1\bin;D:\PhpStorm\PhpStorm 2020.1\bin;D:\Fillder\Fiddler;C:\Users\Aron\AppData\Roaming
USERNAME=Aron
OS=Windows_NT
PROCESSOR_IDENTIFIER=AMD64 Family 23 Model 96 Stepping 1, AuthenticAMD



---------------  S Y S T E M  ---------------

OS: Windows 10 , 64 bit Build 19041 (10.0.19041.1348)
Hyper-V role detected

CPU:total 16 (initial active 16) (16 cores per cpu, 2 threads per core) family 23 model 96 stepping 1 microcode 0x0, cmov, cx8, fxsr, mmx, sse, sse2, sse3, ssse3, sse4.1, sse4.2, popcnt, avx, avx2, aes, clmul, mmxext, 3dnowpref, lzcnt, sse4a, ht, tsc, tscinvbit, tscinv, bmi1, bmi2, adx, 

Memory: 4k page, system-wide physical 15789M (271M free)
TotalPageFile size 29045M (AvailPageFile size 2M)
current process WorkingSet (physical memory assigned to process): 379M, peak: 379M
current process commit charge ("private bytes"): 501M, peak: 501M

vm_info: Java HotSpot(TM) 64-Bit Server VM (11.0.13+10-LTS-370) for windows-amd64 JRE (11.0.13+10-LTS-370), built on Sep 15 2021 22:10:36 by "mach5one" with MS VC++ 15.9 (VS2017)

END.
